<?xml version="1.0" encoding="UTF-8"?>
<testsuite xmlns:xsi="http://www.w3.org/2001/XMLSchema-instance" xsi:noNamespaceSchemaLocation="https://maven.apache.org/surefire/maven-surefire-plugin/xsd/surefire-test-report.xsd" name="org.trsfrm.file.parser.XmlFileParserTest" time="0.022" tests="4" errors="0" skipped="0" failures="0">
  <properties>
    <property name="sun.desktop" value="windows"/>
    <property name="awt.toolkit" value="sun.awt.windows.WToolkit"/>
    <property name="file.encoding.pkg" value="sun.io"/>
    <property name="java.specification.version" value="1.8"/>
    <property name="sun.cpu.isalist" value="amd64"/>
    <property name="sun.jnu.encoding" value="Cp1252"/>
    <property name="java.class.path" value="C:\Users\lyes.bensaada\workspace\fileTransformer\filetransfer\target\test-classes;C:\Users\lyes.bensaada\workspace\fileTransformer\filetransfer\target\classes;C:\Users\Lyes.bensaada.LBENSAADA-LAP\.m2\repository\org\springframework\boot\spring-boot-starter-security\2.0.0.RELEASE\spring-boot-starter-security-2.0.0.RELEASE.jar;C:\Users\Lyes.bensaada.LBENSAADA-LAP\.m2\repository\org\springframework\boot\spring-boot-starter\2.0.0.RELEASE\spring-boot-starter-2.0.0.RELEASE.jar;C:\Users\Lyes.bensaada.LBENSAADA-LAP\.m2\repository\org\springframework\boot\spring-boot\2.0.0.RELEASE\spring-boot-2.0.0.RELEASE.jar;C:\Users\Lyes.bensaada.LBENSAADA-LAP\.m2\repository\org\springframework\boot\spring-boot-autoconfigure\2.0.0.RELEASE\spring-boot-autoconfigure-2.0.0.RELEASE.jar;C:\Users\Lyes.bensaada.LBENSAADA-LAP\.m2\repository\org\springframework\boot\spring-boot-starter-logging\2.0.0.RELEASE\spring-boot-starter-logging-2.0.0.RELEASE.jar;C:\Users\Lyes.bensaada.LBENSAADA-LAP\.m2\repository\ch\qos\logback\logback-classic\1.2.3\logback-classic-1.2.3.jar;C:\Users\Lyes.bensaada.LBENSAADA-LAP\.m2\repository\ch\qos\logback\logback-core\1.2.3\logback-core-1.2.3.jar;C:\Users\Lyes.bensaada.LBENSAADA-LAP\.m2\repository\org\apache\logging\log4j\log4j-to-slf4j\2.10.0\log4j-to-slf4j-2.10.0.jar;C:\Users\Lyes.bensaada.LBENSAADA-LAP\.m2\repository\org\apache\logging\log4j\log4j-api\2.10.0\log4j-api-2.10.0.jar;C:\Users\Lyes.bensaada.LBENSAADA-LAP\.m2\repository\org\slf4j\jul-to-slf4j\1.7.25\jul-to-slf4j-1.7.25.jar;C:\Users\Lyes.bensaada.LBENSAADA-LAP\.m2\repository\javax\annotation\javax.annotation-api\1.3.2\javax.annotation-api-1.3.2.jar;C:\Users\Lyes.bensaada.LBENSAADA-LAP\.m2\repository\org\yaml\snakeyaml\1.19\snakeyaml-1.19.jar;C:\Users\Lyes.bensaada.LBENSAADA-LAP\.m2\repository\org\springframework\spring-aop\5.0.4.RELEASE\spring-aop-5.0.4.RELEASE.jar;C:\Users\Lyes.bensaada.LBENSAADA-LAP\.m2\repository\org\springframework\spring-beans\5.0.4.RELEASE\spring-beans-5.0.4.RELEASE.jar;C:\Users\Lyes.bensaada.LBENSAADA-LAP\.m2\repository\org\springframework\security\spring-security-config\5.0.3.RELEASE\spring-security-config-5.0.3.RELEASE.jar;C:\Users\Lyes.bensaada.LBENSAADA-LAP\.m2\repository\org\springframework\security\spring-security-core\5.0.3.RELEASE\spring-security-core-5.0.3.RELEASE.jar;C:\Users\Lyes.bensaada.LBENSAADA-LAP\.m2\repository\org\springframework\spring-context\5.0.4.RELEASE\spring-context-5.0.4.RELEASE.jar;C:\Users\Lyes.bensaada.LBENSAADA-LAP\.m2\repository\org\springframework\security\spring-security-web\5.0.3.RELEASE\spring-security-web-5.0.3.RELEASE.jar;C:\Users\Lyes.bensaada.LBENSAADA-LAP\.m2\repository\org\springframework\spring-expression\5.0.4.RELEASE\spring-expression-5.0.4.RELEASE.jar;C:\Users\Lyes.bensaada.LBENSAADA-LAP\.m2\repository\org\springframework\boot\spring-boot-starter-web\2.0.0.RELEASE\spring-boot-starter-web-2.0.0.RELEASE.jar;C:\Users\Lyes.bensaada.LBENSAADA-LAP\.m2\repository\org\springframework\boot\spring-boot-starter-json\2.0.0.RELEASE\spring-boot-starter-json-2.0.0.RELEASE.jar;C:\Users\Lyes.bensaada.LBENSAADA-LAP\.m2\repository\com\fasterxml\jackson\datatype\jackson-datatype-jsr310\2.9.4\jackson-datatype-jsr310-2.9.4.jar;C:\Users\Lyes.bensaada.LBENSAADA-LAP\.m2\repository\com\fasterxml\jackson\module\jackson-module-parameter-names\2.9.4\jackson-module-parameter-names-2.9.4.jar;C:\Users\Lyes.bensaada.LBENSAADA-LAP\.m2\repository\org\springframework\boot\spring-boot-starter-tomcat\2.0.0.RELEASE\spring-boot-starter-tomcat-2.0.0.RELEASE.jar;C:\Users\Lyes.bensaada.LBENSAADA-LAP\.m2\repository\org\apache\tomcat\embed\tomcat-embed-core\8.5.28\tomcat-embed-core-8.5.28.jar;C:\Users\Lyes.bensaada.LBENSAADA-LAP\.m2\repository\org\apache\tomcat\embed\tomcat-embed-el\8.5.28\tomcat-embed-el-8.5.28.jar;C:\Users\Lyes.bensaada.LBENSAADA-LAP\.m2\repository\org\apache\tomcat\embed\tomcat-embed-websocket\8.5.28\tomcat-embed-websocket-8.5.28.jar;C:\Users\Lyes.bensaada.LBENSAADA-LAP\.m2\repository\org\hibernate\validator\hibernate-validator\6.0.7.Final\hibernate-validator-6.0.7.Final.jar;C:\Users\Lyes.bensaada.LBENSAADA-LAP\.m2\repository\javax\validation\validation-api\2.0.1.Final\validation-api-2.0.1.Final.jar;C:\Users\Lyes.bensaada.LBENSAADA-LAP\.m2\repository\org\jboss\logging\jboss-logging\3.3.2.Final\jboss-logging-3.3.2.Final.jar;C:\Users\Lyes.bensaada.LBENSAADA-LAP\.m2\repository\com\fasterxml\classmate\1.3.4\classmate-1.3.4.jar;C:\Users\Lyes.bensaada.LBENSAADA-LAP\.m2\repository\org\springframework\spring-web\5.0.4.RELEASE\spring-web-5.0.4.RELEASE.jar;C:\Users\Lyes.bensaada.LBENSAADA-LAP\.m2\repository\org\springframework\spring-webmvc\5.0.4.RELEASE\spring-webmvc-5.0.4.RELEASE.jar;C:\Users\Lyes.bensaada.LBENSAADA-LAP\.m2\repository\org\apache\kafka\kafka_2.13\2.4.1\kafka_2.13-2.4.1.jar;C:\Users\Lyes.bensaada.LBENSAADA-LAP\.m2\repository\org\apache\kafka\kafka-clients\2.4.1\kafka-clients-2.4.1.jar;C:\Users\Lyes.bensaada.LBENSAADA-LAP\.m2\repository\com\github\luben\zstd-jni\1.4.3-1\zstd-jni-1.4.3-1.jar;C:\Users\Lyes.bensaada.LBENSAADA-LAP\.m2\repository\org\lz4\lz4-java\1.6.0\lz4-java-1.6.0.jar;C:\Users\Lyes.bensaada.LBENSAADA-LAP\.m2\repository\org\xerial\snappy\snappy-java\1.1.7.3\snappy-java-1.1.7.3.jar;C:\Users\Lyes.bensaada.LBENSAADA-LAP\.m2\repository\com\fasterxml\jackson\core\jackson-databind\2.9.4\jackson-databind-2.9.4.jar;C:\Users\Lyes.bensaada.LBENSAADA-LAP\.m2\repository\com\fasterxml\jackson\core\jackson-annotations\2.9.0\jackson-annotations-2.9.0.jar;C:\Users\Lyes.bensaada.LBENSAADA-LAP\.m2\repository\com\fasterxml\jackson\core\jackson-core\2.9.4\jackson-core-2.9.4.jar;C:\Users\Lyes.bensaada.LBENSAADA-LAP\.m2\repository\com\fasterxml\jackson\module\jackson-module-scala_2.13\2.10.0\jackson-module-scala_2.13-2.10.0.jar;C:\Users\Lyes.bensaada.LBENSAADA-LAP\.m2\repository\com\fasterxml\jackson\module\jackson-module-paranamer\2.9.4\jackson-module-paranamer-2.9.4.jar;C:\Users\Lyes.bensaada.LBENSAADA-LAP\.m2\repository\com\thoughtworks\paranamer\paranamer\2.8\paranamer-2.8.jar;C:\Users\Lyes.bensaada.LBENSAADA-LAP\.m2\repository\com\fasterxml\jackson\dataformat\jackson-dataformat-csv\2.9.4\jackson-dataformat-csv-2.9.4.jar;C:\Users\Lyes.bensaada.LBENSAADA-LAP\.m2\repository\com\fasterxml\jackson\datatype\jackson-datatype-jdk8\2.9.4\jackson-datatype-jdk8-2.9.4.jar;C:\Users\Lyes.bensaada.LBENSAADA-LAP\.m2\repository\net\sf\jopt-simple\jopt-simple\5.0.4\jopt-simple-5.0.4.jar;C:\Users\Lyes.bensaada.LBENSAADA-LAP\.m2\repository\com\yammer\metrics\metrics-core\2.2.0\metrics-core-2.2.0.jar;C:\Users\Lyes.bensaada.LBENSAADA-LAP\.m2\repository\org\scala-lang\modules\scala-collection-compat_2.13\2.1.2\scala-collection-compat_2.13-2.1.2.jar;C:\Users\Lyes.bensaada.LBENSAADA-LAP\.m2\repository\org\scala-lang\modules\scala-java8-compat_2.13\0.9.0\scala-java8-compat_2.13-0.9.0.jar;C:\Users\Lyes.bensaada.LBENSAADA-LAP\.m2\repository\org\scala-lang\scala-library\2.13.1\scala-library-2.13.1.jar;C:\Users\Lyes.bensaada.LBENSAADA-LAP\.m2\repository\org\scala-lang\scala-reflect\2.13.1\scala-reflect-2.13.1.jar;C:\Users\Lyes.bensaada.LBENSAADA-LAP\.m2\repository\com\typesafe\scala-logging\scala-logging_2.13\3.9.2\scala-logging_2.13-3.9.2.jar;C:\Users\Lyes.bensaada.LBENSAADA-LAP\.m2\repository\org\slf4j\slf4j-api\1.7.25\slf4j-api-1.7.25.jar;C:\Users\Lyes.bensaada.LBENSAADA-LAP\.m2\repository\org\apache\zookeeper\zookeeper\3.5.7\zookeeper-3.5.7.jar;C:\Users\Lyes.bensaada.LBENSAADA-LAP\.m2\repository\org\apache\zookeeper\zookeeper-jute\3.5.7\zookeeper-jute-3.5.7.jar;C:\Users\Lyes.bensaada.LBENSAADA-LAP\.m2\repository\org\apache\yetus\audience-annotations\0.5.0\audience-annotations-0.5.0.jar;C:\Users\Lyes.bensaada.LBENSAADA-LAP\.m2\repository\io\netty\netty-handler\4.1.22.Final\netty-handler-4.1.22.Final.jar;C:\Users\Lyes.bensaada.LBENSAADA-LAP\.m2\repository\io\netty\netty-buffer\4.1.22.Final\netty-buffer-4.1.22.Final.jar;C:\Users\Lyes.bensaada.LBENSAADA-LAP\.m2\repository\io\netty\netty-transport\4.1.22.Final\netty-transport-4.1.22.Final.jar;C:\Users\Lyes.bensaada.LBENSAADA-LAP\.m2\repository\io\netty\netty-resolver\4.1.22.Final\netty-resolver-4.1.22.Final.jar;C:\Users\Lyes.bensaada.LBENSAADA-LAP\.m2\repository\io\netty\netty-codec\4.1.22.Final\netty-codec-4.1.22.Final.jar;C:\Users\Lyes.bensaada.LBENSAADA-LAP\.m2\repository\io\netty\netty-transport-native-epoll\4.1.22.Final\netty-transport-native-epoll-4.1.22.Final.jar;C:\Users\Lyes.bensaada.LBENSAADA-LAP\.m2\repository\io\netty\netty-common\4.1.22.Final\netty-common-4.1.22.Final.jar;C:\Users\Lyes.bensaada.LBENSAADA-LAP\.m2\repository\io\netty\netty-transport-native-unix-common\4.1.22.Final\netty-transport-native-unix-common-4.1.22.Final.jar;C:\Users\Lyes.bensaada.LBENSAADA-LAP\.m2\repository\commons-cli\commons-cli\1.4\commons-cli-1.4.jar;C:\Users\Lyes.bensaada.LBENSAADA-LAP\.m2\repository\org\projectlombok\lombok\1.18.12\lombok-1.18.12.jar;C:\Users\Lyes.bensaada.LBENSAADA-LAP\.m2\repository\org\everit\json\org.everit.json.schema\1.3.0\org.everit.json.schema-1.3.0.jar;C:\Users\Lyes.bensaada.LBENSAADA-LAP\.m2\repository\org\json\json\20160212\json-20160212.jar;C:\Users\Lyes.bensaada.LBENSAADA-LAP\.m2\repository\com\google\guava\guava\19.0\guava-19.0.jar;C:\Users\Lyes.bensaada.LBENSAADA-LAP\.m2\repository\commons-validator\commons-validator\1.5.0\commons-validator-1.5.0.jar;C:\Users\Lyes.bensaada.LBENSAADA-LAP\.m2\repository\commons-beanutils\commons-beanutils\1.9.2\commons-beanutils-1.9.2.jar;C:\Users\Lyes.bensaada.LBENSAADA-LAP\.m2\repository\commons-digester\commons-digester\1.8.1\commons-digester-1.8.1.jar;C:\Users\Lyes.bensaada.LBENSAADA-LAP\.m2\repository\commons-logging\commons-logging\1.2\commons-logging-1.2.jar;C:\Users\Lyes.bensaada.LBENSAADA-LAP\.m2\repository\commons-collections\commons-collections\3.2.2\commons-collections-3.2.2.jar;C:\Users\Lyes.bensaada.LBENSAADA-LAP\.m2\repository\org\apache\poi\poi\3.17\poi-3.17.jar;C:\Users\Lyes.bensaada.LBENSAADA-LAP\.m2\repository\commons-codec\commons-codec\1.11\commons-codec-1.11.jar;C:\Users\Lyes.bensaada.LBENSAADA-LAP\.m2\repository\org\apache\commons\commons-collections4\4.1\commons-collections4-4.1.jar;C:\Users\Lyes.bensaada.LBENSAADA-LAP\.m2\repository\org\springframework\boot\spring-boot-starter-test\2.1.6.RELEASE\spring-boot-starter-test-2.1.6.RELEASE.jar;C:\Users\Lyes.bensaada.LBENSAADA-LAP\.m2\repository\org\springframework\boot\spring-boot-test\2.0.0.RELEASE\spring-boot-test-2.0.0.RELEASE.jar;C:\Users\Lyes.bensaada.LBENSAADA-LAP\.m2\repository\org\springframework\boot\spring-boot-test-autoconfigure\2.0.0.RELEASE\spring-boot-test-autoconfigure-2.0.0.RELEASE.jar;C:\Users\Lyes.bensaada.LBENSAADA-LAP\.m2\repository\com\jayway\jsonpath\json-path\2.4.0\json-path-2.4.0.jar;C:\Users\Lyes.bensaada.LBENSAADA-LAP\.m2\repository\net\minidev\json-smart\2.3\json-smart-2.3.jar;C:\Users\Lyes.bensaada.LBENSAADA-LAP\.m2\repository\net\minidev\accessors-smart\1.2\accessors-smart-1.2.jar;C:\Users\Lyes.bensaada.LBENSAADA-LAP\.m2\repository\org\ow2\asm\asm\5.0.4\asm-5.0.4.jar;C:\Users\Lyes.bensaada.LBENSAADA-LAP\.m2\repository\junit\junit\4.12\junit-4.12.jar;C:\Users\Lyes.bensaada.LBENSAADA-LAP\.m2\repository\org\assertj\assertj-core\3.9.1\assertj-core-3.9.1.jar;C:\Users\Lyes.bensaada.LBENSAADA-LAP\.m2\repository\org\mockito\mockito-core\2.15.0\mockito-core-2.15.0.jar;C:\Users\Lyes.bensaada.LBENSAADA-LAP\.m2\repository\net\bytebuddy\byte-buddy\1.7.10\byte-buddy-1.7.10.jar;C:\Users\Lyes.bensaada.LBENSAADA-LAP\.m2\repository\net\bytebuddy\byte-buddy-agent\1.7.10\byte-buddy-agent-1.7.10.jar;C:\Users\Lyes.bensaada.LBENSAADA-LAP\.m2\repository\org\objenesis\objenesis\2.6\objenesis-2.6.jar;C:\Users\Lyes.bensaada.LBENSAADA-LAP\.m2\repository\org\hamcrest\hamcrest-core\1.3\hamcrest-core-1.3.jar;C:\Users\Lyes.bensaada.LBENSAADA-LAP\.m2\repository\org\hamcrest\hamcrest-library\1.3\hamcrest-library-1.3.jar;C:\Users\Lyes.bensaada.LBENSAADA-LAP\.m2\repository\org\skyscreamer\jsonassert\1.5.0\jsonassert-1.5.0.jar;C:\Users\Lyes.bensaada.LBENSAADA-LAP\.m2\repository\com\vaadin\external\google\android-json\0.0.20131108.vaadin1\android-json-0.0.20131108.vaadin1.jar;C:\Users\Lyes.bensaada.LBENSAADA-LAP\.m2\repository\org\springframework\spring-core\5.0.4.RELEASE\spring-core-5.0.4.RELEASE.jar;C:\Users\Lyes.bensaada.LBENSAADA-LAP\.m2\repository\org\springframework\spring-jcl\5.0.4.RELEASE\spring-jcl-5.0.4.RELEASE.jar;C:\Users\Lyes.bensaada.LBENSAADA-LAP\.m2\repository\org\springframework\spring-test\5.0.4.RELEASE\spring-test-5.0.4.RELEASE.jar;C:\Users\Lyes.bensaada.LBENSAADA-LAP\.m2\repository\org\xmlunit\xmlunit-core\2.5.1\xmlunit-core-2.5.1.jar;C:\Users\Lyes.bensaada.LBENSAADA-LAP\.m2\repository\log4j\log4j\1.2.17\log4j-1.2.17.jar;C:\Users\Lyes.bensaada.LBENSAADA-LAP\.m2\repository\sax\sax\2.0.1\sax-2.0.1.jar;"/>
    <property name="java.vm.vendor" value="Oracle Corporation"/>
    <property name="sun.arch.data.model" value="64"/>
    <property name="user.variant" value=""/>
    <property name="java.vendor.url" value="http://java.oracle.com/"/>
    <property name="user.timezone" value=""/>
    <property name="java.vm.specification.version" value="1.8"/>
    <property name="os.name" value="Windows 7"/>
    <property name="user.country" value="FR"/>
    <property name="sun.java.launcher" value="SUN_STANDARD"/>
    <property name="sun.boot.library.path" value="C:\Program Files\Java\jdk1.8.0_111\jre\bin"/>
    <property name="sun.java.command" value="C:\Users\LYESBE~1.LBE\AppData\Local\Temp\surefire6289067171691857038\surefirebooter937451583578459661.jar C:\Users\Lyes.bensaada.LBENSAADA-LAP\AppData\Local\Temp\surefire6289067171691857038 2020-07-02T19-21-25_260-jvmRun1 surefire1015064165607573577tmp surefire_09132764578807303147tmp"/>
    <property name="surefire.test.class.path" value="C:\Users\lyes.bensaada\workspace\fileTransformer\filetransfer\target\test-classes;C:\Users\lyes.bensaada\workspace\fileTransformer\filetransfer\target\classes;C:\Users\Lyes.bensaada.LBENSAADA-LAP\.m2\repository\org\springframework\boot\spring-boot-starter-security\2.0.0.RELEASE\spring-boot-starter-security-2.0.0.RELEASE.jar;C:\Users\Lyes.bensaada.LBENSAADA-LAP\.m2\repository\org\springframework\boot\spring-boot-starter\2.0.0.RELEASE\spring-boot-starter-2.0.0.RELEASE.jar;C:\Users\Lyes.bensaada.LBENSAADA-LAP\.m2\repository\org\springframework\boot\spring-boot\2.0.0.RELEASE\spring-boot-2.0.0.RELEASE.jar;C:\Users\Lyes.bensaada.LBENSAADA-LAP\.m2\repository\org\springframework\boot\spring-boot-autoconfigure\2.0.0.RELEASE\spring-boot-autoconfigure-2.0.0.RELEASE.jar;C:\Users\Lyes.bensaada.LBENSAADA-LAP\.m2\repository\org\springframework\boot\spring-boot-starter-logging\2.0.0.RELEASE\spring-boot-starter-logging-2.0.0.RELEASE.jar;C:\Users\Lyes.bensaada.LBENSAADA-LAP\.m2\repository\ch\qos\logback\logback-classic\1.2.3\logback-classic-1.2.3.jar;C:\Users\Lyes.bensaada.LBENSAADA-LAP\.m2\repository\ch\qos\logback\logback-core\1.2.3\logback-core-1.2.3.jar;C:\Users\Lyes.bensaada.LBENSAADA-LAP\.m2\repository\org\apache\logging\log4j\log4j-to-slf4j\2.10.0\log4j-to-slf4j-2.10.0.jar;C:\Users\Lyes.bensaada.LBENSAADA-LAP\.m2\repository\org\apache\logging\log4j\log4j-api\2.10.0\log4j-api-2.10.0.jar;C:\Users\Lyes.bensaada.LBENSAADA-LAP\.m2\repository\org\slf4j\jul-to-slf4j\1.7.25\jul-to-slf4j-1.7.25.jar;C:\Users\Lyes.bensaada.LBENSAADA-LAP\.m2\repository\javax\annotation\javax.annotation-api\1.3.2\javax.annotation-api-1.3.2.jar;C:\Users\Lyes.bensaada.LBENSAADA-LAP\.m2\repository\org\yaml\snakeyaml\1.19\snakeyaml-1.19.jar;C:\Users\Lyes.bensaada.LBENSAADA-LAP\.m2\repository\org\springframework\spring-aop\5.0.4.RELEASE\spring-aop-5.0.4.RELEASE.jar;C:\Users\Lyes.bensaada.LBENSAADA-LAP\.m2\repository\org\springframework\spring-beans\5.0.4.RELEASE\spring-beans-5.0.4.RELEASE.jar;C:\Users\Lyes.bensaada.LBENSAADA-LAP\.m2\repository\org\springframework\security\spring-security-config\5.0.3.RELEASE\spring-security-config-5.0.3.RELEASE.jar;C:\Users\Lyes.bensaada.LBENSAADA-LAP\.m2\repository\org\springframework\security\spring-security-core\5.0.3.RELEASE\spring-security-core-5.0.3.RELEASE.jar;C:\Users\Lyes.bensaada.LBENSAADA-LAP\.m2\repository\org\springframework\spring-context\5.0.4.RELEASE\spring-context-5.0.4.RELEASE.jar;C:\Users\Lyes.bensaada.LBENSAADA-LAP\.m2\repository\org\springframework\security\spring-security-web\5.0.3.RELEASE\spring-security-web-5.0.3.RELEASE.jar;C:\Users\Lyes.bensaada.LBENSAADA-LAP\.m2\repository\org\springframework\spring-expression\5.0.4.RELEASE\spring-expression-5.0.4.RELEASE.jar;C:\Users\Lyes.bensaada.LBENSAADA-LAP\.m2\repository\org\springframework\boot\spring-boot-starter-web\2.0.0.RELEASE\spring-boot-starter-web-2.0.0.RELEASE.jar;C:\Users\Lyes.bensaada.LBENSAADA-LAP\.m2\repository\org\springframework\boot\spring-boot-starter-json\2.0.0.RELEASE\spring-boot-starter-json-2.0.0.RELEASE.jar;C:\Users\Lyes.bensaada.LBENSAADA-LAP\.m2\repository\com\fasterxml\jackson\datatype\jackson-datatype-jsr310\2.9.4\jackson-datatype-jsr310-2.9.4.jar;C:\Users\Lyes.bensaada.LBENSAADA-LAP\.m2\repository\com\fasterxml\jackson\module\jackson-module-parameter-names\2.9.4\jackson-module-parameter-names-2.9.4.jar;C:\Users\Lyes.bensaada.LBENSAADA-LAP\.m2\repository\org\springframework\boot\spring-boot-starter-tomcat\2.0.0.RELEASE\spring-boot-starter-tomcat-2.0.0.RELEASE.jar;C:\Users\Lyes.bensaada.LBENSAADA-LAP\.m2\repository\org\apache\tomcat\embed\tomcat-embed-core\8.5.28\tomcat-embed-core-8.5.28.jar;C:\Users\Lyes.bensaada.LBENSAADA-LAP\.m2\repository\org\apache\tomcat\embed\tomcat-embed-el\8.5.28\tomcat-embed-el-8.5.28.jar;C:\Users\Lyes.bensaada.LBENSAADA-LAP\.m2\repository\org\apache\tomcat\embed\tomcat-embed-websocket\8.5.28\tomcat-embed-websocket-8.5.28.jar;C:\Users\Lyes.bensaada.LBENSAADA-LAP\.m2\repository\org\hibernate\validator\hibernate-validator\6.0.7.Final\hibernate-validator-6.0.7.Final.jar;C:\Users\Lyes.bensaada.LBENSAADA-LAP\.m2\repository\javax\validation\validation-api\2.0.1.Final\validation-api-2.0.1.Final.jar;C:\Users\Lyes.bensaada.LBENSAADA-LAP\.m2\repository\org\jboss\logging\jboss-logging\3.3.2.Final\jboss-logging-3.3.2.Final.jar;C:\Users\Lyes.bensaada.LBENSAADA-LAP\.m2\repository\com\fasterxml\classmate\1.3.4\classmate-1.3.4.jar;C:\Users\Lyes.bensaada.LBENSAADA-LAP\.m2\repository\org\springframework\spring-web\5.0.4.RELEASE\spring-web-5.0.4.RELEASE.jar;C:\Users\Lyes.bensaada.LBENSAADA-LAP\.m2\repository\org\springframework\spring-webmvc\5.0.4.RELEASE\spring-webmvc-5.0.4.RELEASE.jar;C:\Users\Lyes.bensaada.LBENSAADA-LAP\.m2\repository\org\apache\kafka\kafka_2.13\2.4.1\kafka_2.13-2.4.1.jar;C:\Users\Lyes.bensaada.LBENSAADA-LAP\.m2\repository\org\apache\kafka\kafka-clients\2.4.1\kafka-clients-2.4.1.jar;C:\Users\Lyes.bensaada.LBENSAADA-LAP\.m2\repository\com\github\luben\zstd-jni\1.4.3-1\zstd-jni-1.4.3-1.jar;C:\Users\Lyes.bensaada.LBENSAADA-LAP\.m2\repository\org\lz4\lz4-java\1.6.0\lz4-java-1.6.0.jar;C:\Users\Lyes.bensaada.LBENSAADA-LAP\.m2\repository\org\xerial\snappy\snappy-java\1.1.7.3\snappy-java-1.1.7.3.jar;C:\Users\Lyes.bensaada.LBENSAADA-LAP\.m2\repository\com\fasterxml\jackson\core\jackson-databind\2.9.4\jackson-databind-2.9.4.jar;C:\Users\Lyes.bensaada.LBENSAADA-LAP\.m2\repository\com\fasterxml\jackson\core\jackson-annotations\2.9.0\jackson-annotations-2.9.0.jar;C:\Users\Lyes.bensaada.LBENSAADA-LAP\.m2\repository\com\fasterxml\jackson\core\jackson-core\2.9.4\jackson-core-2.9.4.jar;C:\Users\Lyes.bensaada.LBENSAADA-LAP\.m2\repository\com\fasterxml\jackson\module\jackson-module-scala_2.13\2.10.0\jackson-module-scala_2.13-2.10.0.jar;C:\Users\Lyes.bensaada.LBENSAADA-LAP\.m2\repository\com\fasterxml\jackson\module\jackson-module-paranamer\2.9.4\jackson-module-paranamer-2.9.4.jar;C:\Users\Lyes.bensaada.LBENSAADA-LAP\.m2\repository\com\thoughtworks\paranamer\paranamer\2.8\paranamer-2.8.jar;C:\Users\Lyes.bensaada.LBENSAADA-LAP\.m2\repository\com\fasterxml\jackson\dataformat\jackson-dataformat-csv\2.9.4\jackson-dataformat-csv-2.9.4.jar;C:\Users\Lyes.bensaada.LBENSAADA-LAP\.m2\repository\com\fasterxml\jackson\datatype\jackson-datatype-jdk8\2.9.4\jackson-datatype-jdk8-2.9.4.jar;C:\Users\Lyes.bensaada.LBENSAADA-LAP\.m2\repository\net\sf\jopt-simple\jopt-simple\5.0.4\jopt-simple-5.0.4.jar;C:\Users\Lyes.bensaada.LBENSAADA-LAP\.m2\repository\com\yammer\metrics\metrics-core\2.2.0\metrics-core-2.2.0.jar;C:\Users\Lyes.bensaada.LBENSAADA-LAP\.m2\repository\org\scala-lang\modules\scala-collection-compat_2.13\2.1.2\scala-collection-compat_2.13-2.1.2.jar;C:\Users\Lyes.bensaada.LBENSAADA-LAP\.m2\repository\org\scala-lang\modules\scala-java8-compat_2.13\0.9.0\scala-java8-compat_2.13-0.9.0.jar;C:\Users\Lyes.bensaada.LBENSAADA-LAP\.m2\repository\org\scala-lang\scala-library\2.13.1\scala-library-2.13.1.jar;C:\Users\Lyes.bensaada.LBENSAADA-LAP\.m2\repository\org\scala-lang\scala-reflect\2.13.1\scala-reflect-2.13.1.jar;C:\Users\Lyes.bensaada.LBENSAADA-LAP\.m2\repository\com\typesafe\scala-logging\scala-logging_2.13\3.9.2\scala-logging_2.13-3.9.2.jar;C:\Users\Lyes.bensaada.LBENSAADA-LAP\.m2\repository\org\slf4j\slf4j-api\1.7.25\slf4j-api-1.7.25.jar;C:\Users\Lyes.bensaada.LBENSAADA-LAP\.m2\repository\org\apache\zookeeper\zookeeper\3.5.7\zookeeper-3.5.7.jar;C:\Users\Lyes.bensaada.LBENSAADA-LAP\.m2\repository\org\apache\zookeeper\zookeeper-jute\3.5.7\zookeeper-jute-3.5.7.jar;C:\Users\Lyes.bensaada.LBENSAADA-LAP\.m2\repository\org\apache\yetus\audience-annotations\0.5.0\audience-annotations-0.5.0.jar;C:\Users\Lyes.bensaada.LBENSAADA-LAP\.m2\repository\io\netty\netty-handler\4.1.22.Final\netty-handler-4.1.22.Final.jar;C:\Users\Lyes.bensaada.LBENSAADA-LAP\.m2\repository\io\netty\netty-buffer\4.1.22.Final\netty-buffer-4.1.22.Final.jar;C:\Users\Lyes.bensaada.LBENSAADA-LAP\.m2\repository\io\netty\netty-transport\4.1.22.Final\netty-transport-4.1.22.Final.jar;C:\Users\Lyes.bensaada.LBENSAADA-LAP\.m2\repository\io\netty\netty-resolver\4.1.22.Final\netty-resolver-4.1.22.Final.jar;C:\Users\Lyes.bensaada.LBENSAADA-LAP\.m2\repository\io\netty\netty-codec\4.1.22.Final\netty-codec-4.1.22.Final.jar;C:\Users\Lyes.bensaada.LBENSAADA-LAP\.m2\repository\io\netty\netty-transport-native-epoll\4.1.22.Final\netty-transport-native-epoll-4.1.22.Final.jar;C:\Users\Lyes.bensaada.LBENSAADA-LAP\.m2\repository\io\netty\netty-common\4.1.22.Final\netty-common-4.1.22.Final.jar;C:\Users\Lyes.bensaada.LBENSAADA-LAP\.m2\repository\io\netty\netty-transport-native-unix-common\4.1.22.Final\netty-transport-native-unix-common-4.1.22.Final.jar;C:\Users\Lyes.bensaada.LBENSAADA-LAP\.m2\repository\commons-cli\commons-cli\1.4\commons-cli-1.4.jar;C:\Users\Lyes.bensaada.LBENSAADA-LAP\.m2\repository\org\projectlombok\lombok\1.18.12\lombok-1.18.12.jar;C:\Users\Lyes.bensaada.LBENSAADA-LAP\.m2\repository\org\everit\json\org.everit.json.schema\1.3.0\org.everit.json.schema-1.3.0.jar;C:\Users\Lyes.bensaada.LBENSAADA-LAP\.m2\repository\org\json\json\20160212\json-20160212.jar;C:\Users\Lyes.bensaada.LBENSAADA-LAP\.m2\repository\com\google\guava\guava\19.0\guava-19.0.jar;C:\Users\Lyes.bensaada.LBENSAADA-LAP\.m2\repository\commons-validator\commons-validator\1.5.0\commons-validator-1.5.0.jar;C:\Users\Lyes.bensaada.LBENSAADA-LAP\.m2\repository\commons-beanutils\commons-beanutils\1.9.2\commons-beanutils-1.9.2.jar;C:\Users\Lyes.bensaada.LBENSAADA-LAP\.m2\repository\commons-digester\commons-digester\1.8.1\commons-digester-1.8.1.jar;C:\Users\Lyes.bensaada.LBENSAADA-LAP\.m2\repository\commons-logging\commons-logging\1.2\commons-logging-1.2.jar;C:\Users\Lyes.bensaada.LBENSAADA-LAP\.m2\repository\commons-collections\commons-collections\3.2.2\commons-collections-3.2.2.jar;C:\Users\Lyes.bensaada.LBENSAADA-LAP\.m2\repository\org\apache\poi\poi\3.17\poi-3.17.jar;C:\Users\Lyes.bensaada.LBENSAADA-LAP\.m2\repository\commons-codec\commons-codec\1.11\commons-codec-1.11.jar;C:\Users\Lyes.bensaada.LBENSAADA-LAP\.m2\repository\org\apache\commons\commons-collections4\4.1\commons-collections4-4.1.jar;C:\Users\Lyes.bensaada.LBENSAADA-LAP\.m2\repository\org\springframework\boot\spring-boot-starter-test\2.1.6.RELEASE\spring-boot-starter-test-2.1.6.RELEASE.jar;C:\Users\Lyes.bensaada.LBENSAADA-LAP\.m2\repository\org\springframework\boot\spring-boot-test\2.0.0.RELEASE\spring-boot-test-2.0.0.RELEASE.jar;C:\Users\Lyes.bensaada.LBENSAADA-LAP\.m2\repository\org\springframework\boot\spring-boot-test-autoconfigure\2.0.0.RELEASE\spring-boot-test-autoconfigure-2.0.0.RELEASE.jar;C:\Users\Lyes.bensaada.LBENSAADA-LAP\.m2\repository\com\jayway\jsonpath\json-path\2.4.0\json-path-2.4.0.jar;C:\Users\Lyes.bensaada.LBENSAADA-LAP\.m2\repository\net\minidev\json-smart\2.3\json-smart-2.3.jar;C:\Users\Lyes.bensaada.LBENSAADA-LAP\.m2\repository\net\minidev\accessors-smart\1.2\accessors-smart-1.2.jar;C:\Users\Lyes.bensaada.LBENSAADA-LAP\.m2\repository\org\ow2\asm\asm\5.0.4\asm-5.0.4.jar;C:\Users\Lyes.bensaada.LBENSAADA-LAP\.m2\repository\junit\junit\4.12\junit-4.12.jar;C:\Users\Lyes.bensaada.LBENSAADA-LAP\.m2\repository\org\assertj\assertj-core\3.9.1\assertj-core-3.9.1.jar;C:\Users\Lyes.bensaada.LBENSAADA-LAP\.m2\repository\org\mockito\mockito-core\2.15.0\mockito-core-2.15.0.jar;C:\Users\Lyes.bensaada.LBENSAADA-LAP\.m2\repository\net\bytebuddy\byte-buddy\1.7.10\byte-buddy-1.7.10.jar;C:\Users\Lyes.bensaada.LBENSAADA-LAP\.m2\repository\net\bytebuddy\byte-buddy-agent\1.7.10\byte-buddy-agent-1.7.10.jar;C:\Users\Lyes.bensaada.LBENSAADA-LAP\.m2\repository\org\objenesis\objenesis\2.6\objenesis-2.6.jar;C:\Users\Lyes.bensaada.LBENSAADA-LAP\.m2\repository\org\hamcrest\hamcrest-core\1.3\hamcrest-core-1.3.jar;C:\Users\Lyes.bensaada.LBENSAADA-LAP\.m2\repository\org\hamcrest\hamcrest-library\1.3\hamcrest-library-1.3.jar;C:\Users\Lyes.bensaada.LBENSAADA-LAP\.m2\repository\org\skyscreamer\jsonassert\1.5.0\jsonassert-1.5.0.jar;C:\Users\Lyes.bensaada.LBENSAADA-LAP\.m2\repository\com\vaadin\external\google\android-json\0.0.20131108.vaadin1\android-json-0.0.20131108.vaadin1.jar;C:\Users\Lyes.bensaada.LBENSAADA-LAP\.m2\repository\org\springframework\spring-core\5.0.4.RELEASE\spring-core-5.0.4.RELEASE.jar;C:\Users\Lyes.bensaada.LBENSAADA-LAP\.m2\repository\org\springframework\spring-jcl\5.0.4.RELEASE\spring-jcl-5.0.4.RELEASE.jar;C:\Users\Lyes.bensaada.LBENSAADA-LAP\.m2\repository\org\springframework\spring-test\5.0.4.RELEASE\spring-test-5.0.4.RELEASE.jar;C:\Users\Lyes.bensaada.LBENSAADA-LAP\.m2\repository\org\xmlunit\xmlunit-core\2.5.1\xmlunit-core-2.5.1.jar;C:\Users\Lyes.bensaada.LBENSAADA-LAP\.m2\repository\log4j\log4j\1.2.17\log4j-1.2.17.jar;C:\Users\Lyes.bensaada.LBENSAADA-LAP\.m2\repository\sax\sax\2.0.1\sax-2.0.1.jar;"/>
    <property name="sun.cpu.endian" value="little"/>
    <property name="user.home" value="C:\Users\Lyes.bensaada.LBENSAADA-LAP"/>
    <property name="user.language" value="fr"/>
    <property name="java.specification.vendor" value="Oracle Corporation"/>
    <property name="java.home" value="C:\Program Files\Java\jdk1.8.0_111\jre"/>
    <property name="basedir" value="C:\Users\lyes.bensaada\workspace\fileTransformer\filetransfer"/>
    <property name="file.separator" value="\"/>
    <property name="line.separator" value="&#10;"/>
    <property name="java.vm.specification.vendor" value="Oracle Corporation"/>
    <property name="java.specification.name" value="Java Platform API Specification"/>
    <property name="java.awt.graphicsenv" value="sun.awt.Win32GraphicsEnvironment"/>
    <property name="surefire.real.class.path" value="C:\Users\LYESBE~1.LBE\AppData\Local\Temp\surefire6289067171691857038\surefirebooter937451583578459661.jar"/>
    <property name="sun.boot.class.path" value="C:\Program Files\Java\jdk1.8.0_111\jre\lib\resources.jar;C:\Program Files\Java\jdk1.8.0_111\jre\lib\rt.jar;C:\Program Files\Java\jdk1.8.0_111\jre\lib\sunrsasign.jar;C:\Program Files\Java\jdk1.8.0_111\jre\lib\jsse.jar;C:\Program Files\Java\jdk1.8.0_111\jre\lib\jce.jar;C:\Program Files\Java\jdk1.8.0_111\jre\lib\charsets.jar;C:\Program Files\Java\jdk1.8.0_111\jre\lib\jfr.jar;C:\Program Files\Java\jdk1.8.0_111\jre\classes"/>
    <property name="user.script" value=""/>
    <property name="sun.management.compiler" value="HotSpot 64-Bit Tiered Compilers"/>
    <property name="java.runtime.version" value="1.8.0_111-b14"/>
    <property name="user.name" value="Lyes.bensaada"/>
    <property name="path.separator" value=";"/>
    <property name="os.version" value="6.1"/>
    <property name="java.endorsed.dirs" value="C:\Program Files\Java\jdk1.8.0_111\jre\lib\endorsed"/>
    <property name="java.runtime.name" value="Java(TM) SE Runtime Environment"/>
    <property name="file.encoding" value="Cp1252"/>
    <property name="java.vm.name" value="Java HotSpot(TM) 64-Bit Server VM"/>
    <property name="localRepository" value="C:\Users\Lyes.bensaada.LBENSAADA-LAP\.m2\repository"/>
    <property name="java.vendor.url.bug" value="http://bugreport.sun.com/bugreport/"/>
    <property name="java.io.tmpdir" value="C:\Users\LYESBE~1.LBE\AppData\Local\Temp\"/>
    <property name="java.version" value="1.8.0_111"/>
    <property name="user.dir" value="C:\Users\lyes.bensaada\workspace\fileTransformer\filetransfer"/>
    <property name="os.arch" value="amd64"/>
    <property name="SkipTests" value="true"/>
    <property name="java.vm.specification.name" value="Java Virtual Machine Specification"/>
    <property name="java.awt.printerjob" value="sun.awt.windows.WPrinterJob"/>
    <property name="sun.os.patch.level" value="Service Pack 1"/>
    <property name="java.library.path" value="C:\Program Files\Java\jdk1.8.0_111\jre\bin;C:\windows\Sun\Java\bin;C:\windows\system32;C:\windows;C:/Program Files/Java/jre1.8.0_171/bin/server;C:/Program Files/Java/jre1.8.0_171/bin;C:/Program Files/Java/jre1.8.0_171/lib/amd64;C:\ProgramData\Oracle\Java\javapath;C:\Program Files (x86)\Common Files\Oracle\Java\javapath;C:\Program Files\Java\jdk1.7.0_79\bin;C:\oracle\product\11.2.0\client_1\bin;C:\Program Files (x86)\Mozilla Firefox;C:\Program Files\Broadcom\Broadcom 802.11;C:\PROGRAM FILES (X86)\INTEL\ICLS CLIENT\;C:\PROGRAM FILES\INTEL\ICLS CLIENT\;C:\windows\SYSTEM32;C:\windows;C:\windows\SYSTEM32\WBEM;C:\windows\SYSTEM32\WINDOWSPOWERSHELL\V1.0\;C:\PROGRAM FILES\INTEL\WIFI\BIN\;C:\PROGRAM FILES\COMMON FILES\INTEL\WIRELESSCOMMON\;C:\PROGRAM FILES (X86)\INTEL\OPENCL SDK\2.0\BIN\X86;C:\PROGRAM FILES (X86)\INTEL\OPENCL SDK\2.0\BIN\X64;C:\Program Files\WIDCOMM\Bluetooth Software\;C:\Program Files\WIDCOMM\Bluetooth Software\syswow64;C:\Program Files\Intel\Intel(R) Management Engine Components\DAL;C:\Program Files (x86)\Intel\Intel(R) Management Engine Components\IPT;C:\Program Files\MySQL\MySQL Utilities 1.6\;C:\Program Files\Git\cmd;D:\dev-install-tools\apache-maven-3.6.0-bin\apache-maven-3.6.0\bin;C:\Program Files\nodejs\;C:\ProgramData\Oracle\Java\javapath;C:\Program Files (x86)\Common Files\Oracle\Java\javapath;C:\Program Files\Java\jdk1.7.0_79\bin;C:\oracle\product\11.2.0\client_1\bin;C:\Program Files (x86)\Mozilla Firefox;C:\Program Files\Broadcom\Broadcom 802.11;C:\PROGRAM FILES (X86)\INTEL\ICLS CLIENT\;C:\PROGRAM FILES\INTEL\ICLS CLIENT\;C:\windows\SYSTEM32;C:\windows;C:\windows\SYSTEM32\WBEM;C:\windows\SYSTEM32\WINDOWSPOWERSHELL\V1.0\;C:\PROGRAM FILES\INTEL\WIFI\BIN\;C:\PROGRAM FILES\COMMON FILES\INTEL\WIRELESSCOMMON\;C:\PROGRAM FILES (X86)\INTEL\OPENCL SDK\2.0\BIN\X86;C:\PROGRAM FILES (X86)\INTEL\OPENCL SDK\2.0\BIN\X64;C:\Program Files\WIDCOMM\Bluetooth Software\;C:\Program Files\WIDCOMM\Bluetooth Software\syswow64;C:\Program Files\Intel\Intel(R) Management Engine Components\DAL;C:\Program Files (x86)\Intel\Intel(R) Management Engine Components\IPT;C:\Program Files\MySQL\MySQL Utilities 1.6\;C:\Program Files\Git\cmd;D:\dev-install-tools\apache-maven-3.6.0-bin\apache-maven-3.6.0\bin;C:\Program Files\nodejs\;C:\Users\Lyes.bensaada\LBENSAADA-LAP\AppData\Local\Programs\Microsoft VS Code\bin;C:\Users\Lyes.bensaada.LBENSAADA-LAP\AppData\Roaming\npm;C:\Program Files\Docker Toolbox;D:\dev-install-tools\eclipse-jee-mars-R-win32-x86_64\eclipse;;."/>
    <property name="java.vm.info" value="mixed mode"/>
    <property name="java.vendor" value="Oracle Corporation"/>
    <property name="java.vm.version" value="25.111-b14"/>
    <property name="java.ext.dirs" value="C:\Program Files\Java\jdk1.8.0_111\jre\lib\ext;C:\windows\Sun\Java\lib\ext"/>
    <property name="sun.io.unicode.encoding" value="UnicodeLittle"/>
    <property name="java.class.version" value="52.0"/>
  </properties>
  <testcase name="ArrayDataTagTest" classname="org.trsfrm.file.parser.XmlFileParserTest" time="0.001"/>
  <testcase name="ArrayDataAttributeTest" classname="org.trsfrm.file.parser.XmlFileParserTest" time="0.002"/>
  <testcase name="EmptyDataTest" classname="org.trsfrm.file.parser.XmlFileParserTest" time="0.003"/>
  <testcase name="wrongDataTagTest" classname="org.trsfrm.file.parser.XmlFileParserTest" time="0.01"/>
</testsuite>